<?xml version="1.0" encoding="UTF-8"?>
<!-- Generated by org.testng.reporters.JUnitReportReporter -->
<testsuite hostname="LAPTOP-TH8RPHOP" failures="0" tests="1" name="assignmentTest" time="126.071" errors="0" timestamp="2021-07-25T18:41:48 IST" skipped="0">
  <testcase classname="assignmentTest" name="fn_assignment" time="126.071"/>
  <system-out/>
</testsuite> <!-- assignmentTest -->
