<?xml version="1.0" encoding="UTF-8"?>
<!-- Generated by org.testng.reporters.JUnitReportReporter -->
<testsuite hostname="LAPTOP-TH8RPHOP" failures="0" tests="1" name="ShaadiTest" time="18.838" errors="0" timestamp="2021-07-25T18:59:12 IST" skipped="0">
  <testcase classname="ShaadiTest" name="fn_assignment" time="18.838"/>
  <system-out/>
</testsuite> <!-- ShaadiTest -->
